<?xml version="1.0" encoding="UTF-8"?>
<!-- Generated by org.testng.reporters.JUnitXMLReporter -->
<testsuite hostname="EIS0209" ignored="0" name="Default test" tests="4" failures="0" timestamp="2023-06-08T10:01:50 EET" time="27.373" errors="0">
  <testcase name="case1_validatePlansKuwait" time="6.486" classname="tests.TestCases"/>
  <testcase name="case2_validatePlansSaudi" time="1.942" classname="tests.TestCases"/>
  <testcase name="case3_validatePlansBahrain" time="3.045" classname="tests.TestCases"/>
  <testcase name="case4_validatePlansKuwaitWhenArabic" time="6.297" classname="tests.TestCases"/>
</testsuite> <!-- Default test -->
