<?xml version="1.0" encoding="UTF-8"?>
<!-- Generated by org.testng.reporters.JUnitXMLReporter -->
<testsuite hostname="EIS0209" ignored="0" name="tests" tests="4" failures="0" timestamp="2023-06-26T10:33:27 EET" time="19.727" errors="0">
  <testcase name="case1_validatePlansKuwait" time="5.404" classname="tests.TestCases"/>
  <testcase name="case2_validatePlansSaudi" time="1.389" classname="tests.TestCases"/>
  <testcase name="case3_validatePlansBahrain" time="2.752" classname="tests.TestCases"/>
  <testcase name="case4_validatePlansKuwaitWhenArabic" time="5.966" classname="tests.TestCases"/>
</testsuite> <!-- tests -->
